<?xml version="1.0" encoding="UTF-8"?>
<!-- Generated by org.testng.reporters.JUnitReportReporter -->
<testsuite hostname="ZeroTouch" failures="0" tests="1" name="defaultpackage.SampleTest" time="0.013" errors="0" timestamp="2022-10-11T12:35:35 IST" skipped="0">
  <testcase classname="defaultpackage.SampleTest" name="sample" time="0.013"/>
  <system-out/>
</testsuite> <!-- defaultpackage.SampleTest -->
